2019-05-02:11:18:42:Unknown HTTP/1.1 200 /news
2019-05-02:11:18:47:Unknown HTTP/1.1 200 /news
2019-05-02:11:18:48:Unknown HTTP/1.1 200 /
2019-05-02:11:18:49:Unknown HTTP/1.1 200 /news
2019-05-02:11:19:56:Unknown HTTP/1.1 200 /news
2019-05-02:11:20:02:Unknown HTTP/1.1 200 /news
2019-05-02:11:20:02:Unknown HTTP/1.1 200 /
2019-05-02:11:20:06:Unknown HTTP/1.1 200 /news
2019-05-02:11:20:10:Unknown HTTP/1.1 200 /image.jpg
2019-05-02:11:20:24:Unknown HTTP/1.1 200 /image.jpg
2019-05-02:11:20:25:Unknown HTTP/1.1 200 /news
2019-05-02:11:20:26:Unknown HTTP/1.1 200 /
2019-05-02:11:20:26:Unknown HTTP/1.1 200 /news
2019-05-02:11:20:27:Unknown HTTP/1.1 200 /news
2019-05-02:11:20:27:Unknown HTTP/1.1 200 /news
2019-05-02:11:20:27:Unknown HTTP/1.1 200 /news
2019-05-02:11:20:27:Unknown HTTP/1.1 200 /news
2019-05-02:11:20:27:Unknown HTTP/1.1 200 /news
2019-05-02:11:20:27:Unknown HTTP/1.1 200 /news
2019-05-02:11:20:28:Unknown HTTP/1.1 200 /news
2019-05-02:11:20:28:Unknown HTTP/1.1 200 /news
2019-05-02:11:20:28:Unknown HTTP/1.1 200 /news
2019-05-02:11:20:28:Unknown HTTP/1.1 200 /news
2019-05-02:11:20:28:Unknown HTTP/1.1 200 /news
2019-05-02:11:20:28:Unknown HTTP/1.1 200 /news
2019-05-02:11:20:29:Unknown HTTP/1.1 200 /news
2019-05-02:11:20:29:Unknown HTTP/1.1 200 /news
2019-05-02:11:20:29:Unknown HTTP/1.1 200 /news
2019-05-02:11:20:30:Unknown HTTP/1.1 200 /news
2019-05-02:11:20:30:Unknown HTTP/1.1 200 /news
2019-05-02:11:20:30:Unknown HTTP/1.1 200 /news
2019-05-02:11:20:31:Unknown HTTP/1.1 200 /news
2019-05-02:11:20:42:Unknown HTTP/1.1 200 /news
2019-05-02:11:20:44:Unknown HTTP/1.1 200 /news
2019-05-02:11:20:45:Unknown HTTP/1.1 200 /
2019-05-02:11:20:46:Unknown HTTP/1.1 200 /
2019-05-02:11:20:46:Unknown HTTP/1.1 200 /news
2019-05-02:11:20:47:Unknown HTTP/1.1 200 /
2019-05-02:11:21:31:Unknown HTTP/1.1 200 /
2019-05-02:11:21:31:Unknown HTTP/1.1 404 /favicon.ico
2019-05-02:11:23:56:Unknown HTTP/1.1 200 /
2019-05-02:11:23:56:Unknown HTTP/1.1 404 /favicon.ico
2019-05-02:11:24:29:Unknown HTTP/1.1 200 /
2019-05-02:11:24:30:Unknown HTTP/1.1 404 /favicon.ico
2019-05-02:11:24:30:Unknown HTTP/1.1 404 /favicon.ico
2019-05-02:11:24:43:Unknown HTTP/1.1 200 /
2019-05-02:11:24:46:Unknown HTTP/1.1 200 /news
2019-05-02:11:24:47:Unknown HTTP/1.1 200 /
2019-05-02:11:24:48:Unknown HTTP/1.1 200 /
2019-05-02:11:26:57:Unknown HTTP/1.1 200 /
2019-05-02:11:26:59:Unknown HTTP/1.1 200 /news
2019-05-02:11:27:04:Unknown HTTP/1.1 200 /news
2019-05-02:11:27:05:Unknown HTTP/1.1 200 /image.jpg
2019-05-02:11:27:16:Unknown HTTP/1.1 200 /news
2019-05-02:13:17:23:Unknown HTTP/1.1 200 /news
2019-05-02:13:17:24:Unknown HTTP/1.1 200 /image.jpg
2019-05-02:13:17:26:Unknown HTTP/1.1 200 /news
2019-05-02:13:17:27:Unknown HTTP/1.1 200 /
2019-05-02:13:17:27:Unknown HTTP/1.1 200 /news
2019-05-02:13:17:28:Unknown HTTP/1.1 200 /
2019-05-02:13:17:28:Unknown HTTP/1.1 200 /image.jpg
2019-05-02:13:47:56:Unknown HTTP/1.1 200 /
2019-05-02:13:47:58:Unknown HTTP/1.1 200 /test
2019-05-02:13:48:20:Unknown HTTP/1.1 200 /test
2019-05-02:13:48:34:Unknown HTTP/1.1 200 /test
2019-05-03:06:38:25:Unknown HTTP/1.1 404 /robots.txt
2019-05-03:06:38:25:Unknown HTTP/1.1 404 /favicon.ico
2019-05-03:06:38:48:Unknown HTTP/1.1 200 /test
2019-05-03:06:43:33:Unknown HTTP/1.1 200 /test
2019-05-03:06:44:08:Unknown HTTP/1.1 200 /test
2019-05-03:06:46:52:Unknown HTTP/1.1 200 /test
2019-05-03:09:50:22:Unknown:200: HTTP/1.1 /image.jpg
2019-05-03:09:50:35:Unknown:200: HTTP/1.1 /image.jpg
2019-05-03:09:50:39:Unknown:200: HTTP/1.1 /index.html
2019-05-03:09:50:44:Unknown:200: HTTP/1.1 /
2019-05-03:09:50:44:Unknown:200: HTTP/1.1 /
2019-05-03:09:50:44:Unknown:200: HTTP/1.1 /
2019-05-03:09:50:44:Unknown:200: HTTP/1.1 /
2019-05-03:09:50:49:Unknown:200: HTTP/1.1 /
2019-05-03:09:50:50:Unknown:200: HTTP/1.1 /
2019-05-03:09:51:20:Unknown:200: HTTP/1.1 /
2019-05-03:10:00:44:Unknown:404: HTTP/1.1 /image
2019-05-03:10:00:47:Unknown:200: HTTP/1.1 /image.jpg
2019-05-03:10:01:36:Unknown:200: HTTP/1.1 /index.html
2019-05-03:10:01:41:Unknown:200: HTTP/1.1 /image.jpg
2019-05-03:10:02:15:Unknown:200: HTTP/1.1 /
2019-05-03:10:02:28:Unknown:200: HTTP/1.1 /
2019-05-03:10:02:28:Unknown:200: HTTP/1.1 /
2019-05-03:10:02:28:Unknown:200: HTTP/1.1 /
2019-05-03:10:02:33:Unknown:200: HTTP/1.1 /
2019-05-03:10:02:33:Unknown:200: HTTP/1.1 /
2019-05-03:10:02:34:Unknown:200: HTTP/1.1 /
2019-05-03:10:03:04:Unknown:200: HTTP/1.1 /
2019-05-03:10:03:16:Unknown:200: HTTP/1.1 /
2019-05-03:10:03:29:Unknown:200: HTTP/1.1 /
2019-05-03:10:07:26:Unknown:404: HTTP/1.1 /asf
2019-05-03:10:08:51:Unknown:503: HTTP/1.1 /asf
2019-05-03:10:08:51:Unknown:404: HTTP/1.1 /asf
2019-05-03:10:09:37:Unknown:503: HTTP/1.1 /asf
2019-05-03:10:09:37:Unknown:404: HTTP/1.1 /asf
2019-05-03:10:09:42:Unknown:503: HTTP/1.1 /asf
2019-05-03:10:09:42:Unknown:404: HTTP/1.1 /asf
2019-05-03:10:10:34:Unknown:503: HTTP/1.1 /asf
2019-05-03:10:10:52:Unknown:503: HTTP/1.1 /asf
2019-05-03:10:10:58:Unknown:404: HTTP/1.1 /asf/i
2019-05-03:10:18:59:Unknown:404: HTTP/1.1 /asf/i
2019-05-03:10:19:00:Unknown:404: HTTP/1.1 /asf/i
2019-05-03:10:19:00:Unknown:404: HTTP/1.1 /asf/i
2019-05-03:10:19:00:Unknown:404: HTTP/1.1 /asf/i
2019-05-03:10:19:01:Unknown:404: HTTP/1.1 /asf/i
2019-05-03:10:19:01:Unknown:404: HTTP/1.1 /asf/i
2019-05-03:10:19:01:Unknown:404: HTTP/1.1 /asf/i
2019-05-03:10:19:01:Unknown:404: HTTP/1.1 /asf/i
2019-05-03:10:19:01:Unknown:404: HTTP/1.1 /asf/i
2019-05-03:10:19:02:Unknown:404: HTTP/1.1 /asf/i
2019-05-03:10:19:02:Unknown:404: HTTP/1.1 /asf/i
2019-05-03:10:19:02:Unknown:404: HTTP/1.1 /asf/i
2019-05-03:10:19:02:Unknown:404: HTTP/1.1 /asf/i
2019-05-03:10:19:02:Unknown:404: HTTP/1.1 /asf/i
2019-05-03:10:19:03:Unknown:404: HTTP/1.1 /asf/i
2019-05-03:10:19:03:Unknown:404: HTTP/1.1 /asf/i
2019-05-03:10:19:03:Unknown:404: HTTP/1.1 /asf/i
2019-05-03:10:19:03:Unknown:404: HTTP/1.1 /asf/i
2019-05-03:10:19:03:Unknown:404: HTTP/1.1 /asf/i
2019-05-03:10:19:04:Unknown:404: HTTP/1.1 /asf/i
2019-05-03:10:19:04:Unknown:404: HTTP/1.1 /asf/i
2019-05-03:10:19:04:Unknown:404: HTTP/1.1 /asf/i
2019-05-03:10:19:04:Unknown:404: HTTP/1.1 /asf/i
2019-05-03:10:19:04:Unknown:404: HTTP/1.1 /asf/i
2019-05-03:10:19:05:Unknown:404: HTTP/1.1 /asf/i
2019-05-03:10:19:05:Unknown:404: HTTP/1.1 /asf/i
2019-05-03:10:19:05:Unknown:404: HTTP/1.1 /asf/i
2019-05-03:10:19:05:Unknown:404: HTTP/1.1 /asf/i
2019-05-03:10:19:05:Unknown:404: HTTP/1.1 /asf/i
2019-05-03:10:19:05:Unknown:404: HTTP/1.1 /asf/i
2019-05-03:10:19:06:Unknown:404: HTTP/1.1 /asf/i
2019-05-03:10:19:06:Unknown:404: HTTP/1.1 /asf/i
2019-05-03:10:19:06:Unknown:404: HTTP/1.1 /asf/i
2019-05-03:10:19:06:Unknown:404: HTTP/1.1 /asf/i
2019-05-03:10:19:07:Unknown:404: HTTP/1.1 /asf/i
2019-05-03:10:19:07:Unknown:404: HTTP/1.1 /asf/i
2019-05-03:10:19:07:Unknown:404: HTTP/1.1 /asf/i
2019-05-03:10:19:07:Unknown:404: HTTP/1.1 /asf/i
2019-05-03:10:19:07:Unknown:404: HTTP/1.1 /asf/i
2019-05-03:10:19:08:Unknown:404: HTTP/1.1 /asf/i
2019-05-03:10:19:08:Unknown:404: HTTP/1.1 /asf/i
2019-05-03:10:19:08:Unknown:404: HTTP/1.1 /asf/i
2019-05-03:10:19:08:Unknown:404: HTTP/1.1 /asf/i
2019-05-03:10:19:08:Unknown:404: HTTP/1.1 /asf/i
2019-05-03:10:19:09:Unknown:404: HTTP/1.1 /asf/i
2019-05-03:10:19:09:Unknown:404: HTTP/1.1 /asf/i
2019-05-03:10:19:09:Unknown:404: HTTP/1.1 /asf/i
2019-05-03:10:19:09:Unknown:404: HTTP/1.1 /asf/i
2019-05-03:10:19:09:Unknown:404: HTTP/1.1 /asf/i
2019-05-03:10:19:10:Unknown:404: HTTP/1.1 /asf/i
2019-05-03:10:19:10:Unknown:404: HTTP/1.1 /asf/i
2019-05-03:10:19:10:Unknown:404: HTTP/1.1 /asf/i
2019-05-03:10:19:10:Unknown:404: HTTP/1.1 /asf/i
2019-05-03:10:19:10:Unknown:404: HTTP/1.1 /asf/i
2019-05-03:10:37:22::404: HTTP/1.1 /asf/i ( 0.0 ms)
2019-05-03:10:37:22::404: HTTP/1.1 /asf/i ( 0.0 ms)
2019-05-03:10:37:37::404: HTTP/1.1 /image ( 0.0 ms)
2019-05-03:10:37:42::200: HTTP/1.1 /image.jpg ( 0.0 ms)
2019-05-03:10:37:47::200: HTTP/1.1 / ( 0.0 ms)
2019-05-03:10:38:14::200: HTTP/1.1 /index.html ( 0.0 ms)
2019-05-03:10:41:00::200: HTTP/1.1 /index.html ( 0.0 ms)
2019-05-03:10:41:03::200: HTTP/1.1 /index.html?4a ( 0.0 ms)
2019-05-03:10:41:41::200: HTTP/1.1 /index.html?4a ( 0.0 ms)
2019-05-03:10:41:43::200: HTTP/1.1 /index.html?4a ( 0.0 ms)
2019-05-03:10:42:24::200: HTTP/1.1 /index.html?4a ( 0.015625 ms)
2019-05-03:10:42:43::200: HTTP/1.1 /index.html?4a ( 0.0 ms)
2019-05-03:10:43:12::200: HTTP/1.1 /index.html?4a ( 0.0 ms)
2019-05-03:10:43:17::200: HTTP/1.1 /index.html?4a ( 0.0 ms)
2019-05-03:10:43:19::200: HTTP/1.1 /index.html?4a ( 0.015625 ms)
2019-05-03:10:43:29::200: HTTP/1.1 /index.html?4a ( 0.015625 ms)
2019-05-03:10:43:30::200: HTTP/1.1 /index.html?4a ( 0.0 ms)
2019-05-03:10:43:31::200: HTTP/1.1 /index.html?4a ( 0.0 ms)
2019-05-03:10:43:31::200: HTTP/1.1 /index.html?4a ( 0.0 ms)
2019-05-03:10:43:31::200: HTTP/1.1 /index.html?4a ( 0.0 ms)
2019-05-03:10:43:32::200: HTTP/1.1 /index.html?4a ( 0.015625 ms)
2019-05-03:10:43:32::200: HTTP/1.1 /index.html?4a ( 0.0 ms)
2019-05-03:10:43:32::200: HTTP/1.1 /index.html?4a ( 0.0 ms)
2019-05-03:10:43:32::200: HTTP/1.1 /index.html?4a ( 0.0 ms)
2019-05-03:10:43:32::200: HTTP/1.1 /index.html?4a ( 0.0 ms)
2019-05-03:10:43:33::200: HTTP/1.1 /index.html?4a ( 0.0 ms)
2019-05-03:10:43:33::200: HTTP/1.1 /index.html?4a ( 0.0 ms)
2019-05-03:10:43:33::200: HTTP/1.1 /index.html?4a ( 0.0 ms)
2019-05-03:10:43:38::404: HTTP/1.1 /image ( 0.0 ms)
2019-05-03:10:43:43::200: HTTP/1.1 /image.jpg ( 0.0 ms)
2019-05-03:10:43:45::200: HTTP/1.1 /image.jpg ( 0.0 ms)
2019-05-03:10:43:45::200: HTTP/1.1 /image.jpg ( 0.0 ms)
2019-05-03:10:43:45::200: HTTP/1.1 /image.jpg ( 0.0 ms)
2019-05-03:10:43:46::200: HTTP/1.1 /image.jpg ( 0.0 ms)
2019-05-03:10:44:45::200: HTTP/1.1 /image2.jpg ( 0.015625 ms)
2019-05-03:10:44:49::200: HTTP/1.1 /image2.jpg ( 0.03125 ms)
2019-05-03:10:44:50::200: HTTP/1.1 /image2.jpg ( 0.015625 ms)
2019-05-03:10:44:50::200: HTTP/1.1 /image2.jpg ( 0.015625 ms)
2019-05-03:10:44:51::200: HTTP/1.1 /image2.jpg ( 0.015625 ms)
2019-05-03:10:44:51::200: HTTP/1.1 /image2.jpg ( 0.015625 ms)
2019-05-03:10:44:52::200: HTTP/1.1 /image2.jpg ( 0.0625 ms)
2019-05-03:10:44:52::200: HTTP/1.1 /image2.jpg ( 0.03125 ms)
2019-05-03:10:44:52::200: HTTP/1.1 /image2.jpg ( 0.015625 ms)
2019-05-03:10:44:53::200: HTTP/1.1 /image2.jpg ( 0.03125 ms)
2019-05-03:10:44:53::200: HTTP/1.1 /image2.jpg ( 0.015625 ms)
2019-05-03:10:44:53::200: HTTP/1.1 /image2.jpg ( 0.015625 ms)
2019-05-03:10:44:53::200: HTTP/1.1 /image2.jpg ( 0.03125 ms)
2019-05-03:10:44:54::200: HTTP/1.1 /image2.jpg ( 0.03125 ms)
2019-05-03:10:44:54::200: HTTP/1.1 /image2.jpg ( 0.03125 ms)
2019-05-03:10:44:54::200: HTTP/1.1 /image2.jpg ( 0.03125 ms)
2019-05-03:10:44:54::200: HTTP/1.1 /image2.jpg ( 0.046875 ms)
2019-05-03:10:44:54::200: HTTP/1.1 /image2.jpg ( 0.015625 ms)
2019-05-03:10:44:55::200: HTTP/1.1 /image2.jpg ( 0.03125 ms)
2019-05-03:10:44:55::200: HTTP/1.1 /image2.jpg ( 0.03125 ms)
2019-05-03:10:44:55::200: HTTP/1.1 /image2.jpg ( 0.03125 ms)
2019-05-03:10:44:55::200: HTTP/1.1 /image2.jpg ( 0.03125 ms)
2019-05-03:10:44:56::200: HTTP/1.1 /image2.jpg ( 0.0625 ms)
2019-05-03:10:44:56::200: HTTP/1.1 /image2.jpg ( 0.046875 ms)
2019-05-03:10:45:01::200: HTTP/1.1 /image.jpg ( 0.0 ms)
2019-05-03:10:45:02::200: HTTP/1.1 /image.jpg ( 0.0 ms)
2019-05-03:10:45:02::200: HTTP/1.1 /image.jpg ( 0.0 ms)
2019-05-03:10:45:03::200: HTTP/1.1 /image.jpg ( 0.0 ms)
2019-05-03:10:45:03::200: HTTP/1.1 /image.jpg ( 0.0 ms)
2019-05-03:10:45:03::200: HTTP/1.1 /image.jpg ( 0.0 ms)
2019-05-03:10:45:04::200: HTTP/1.1 /image.jpg ( 0.0 ms)
2019-05-03:10:45:05::200: HTTP/1.1 /image2.jpg ( 0.015625 ms)
2019-05-03:10:45:05::200: HTTP/1.1 /image2.jpg ( 0.03125 ms)
2019-05-03:10:45:06::200: HTTP/1.1 /image.jpg ( 0.0 ms)
2019-05-03:10:45:07::200: HTTP/1.1 /image2.jpg ( 0.03125 ms)
2019-05-03:10:45:08::200: HTTP/1.1 /image.jpg ( 0.0 ms)
2019-05-03:10:45:08::200: HTTP/1.1 /image2.jpg ( 0.015625 ms)
2019-05-03:10:45:10::200: HTTP/1.1 /image.jpg ( 0.0 ms)
2019-05-03:10:45:11::200: HTTP/1.1 /image2.jpg ( 0.03125 ms)
2019-05-03:10:47:15::200: HTTP/1.1 /image2.jpg ( 0.0 ms)
2019-05-03:10:47:16::200: HTTP/1.1 /image2.jpg ( 0.0 ms)
2019-05-03:10:47:16::200: HTTP/1.1 /image2.jpg ( 0.0 ms)
2019-05-03:10:47:16::200: HTTP/1.1 /image2.jpg ( 0.0 ms)
2019-05-03:10:47:17::200: HTTP/1.1 /image2.jpg ( 0.0 ms)
2019-05-03:10:47:17::200: HTTP/1.1 /image2.jpg ( 0.0 ms)
2019-05-03:10:47:17::200: HTTP/1.1 /image2.jpg ( 0.0 ms)
2019-05-03:10:47:18::200: HTTP/1.1 /image2.jpg ( 0.0 ms)
2019-05-03:10:47:18::200: HTTP/1.1 /image2.jpg ( 0.0 ms)
2019-05-03:10:47:18::200: HTTP/1.1 /image2.jpg ( 0.0 ms)
2019-05-03:10:47:18::200: HTTP/1.1 /image2.jpg ( 0.0 ms)
2019-05-03:10:47:19::200: HTTP/1.1 /image2.jpg ( 0.0 ms)
2019-05-03:10:47:19::200: HTTP/1.1 /image2.jpg ( 0.0 ms)
2019-05-03:10:47:19::200: HTTP/1.1 /image2.jpg ( 0.0 ms)
2019-05-03:10:47:19::200: HTTP/1.1 /image2.jpg ( 0.0 ms)
2019-05-03:10:47:19::200: HTTP/1.1 /image2.jpg ( 0.0 ms)
2019-05-03:10:47:20::200: HTTP/1.1 /image2.jpg ( 0.015625 ms)
2019-05-03:10:47:20::200: HTTP/1.1 /image2.jpg ( 0.0 ms)
2019-05-03:10:47:20::200: HTTP/1.1 /image2.jpg ( 0.0 ms)
2019-05-03:10:47:20::200: HTTP/1.1 /image2.jpg ( 0.0 ms)
2019-05-03:10:47:21::200: HTTP/1.1 /image2.jpg ( 0.0 ms)
2019-05-03:10:47:21::200: HTTP/1.1 /image2.jpg ( 0.015625 ms)
2019-05-03:10:47:22::200: HTTP/1.1 /image2.jpg ( 0.0 ms)
2019-05-03:10:47:22::200: HTTP/1.1 /image2.jpg ( 0.0 ms)
2019-05-03:10:47:22::200: HTTP/1.1 /image2.jpg ( 0.0 ms)
2019-05-03:10:47:22::200: HTTP/1.1 /image2.jpg ( 0.0 ms)
2019-05-03:10:47:22::200: HTTP/1.1 /image2.jpg ( 0.0 ms)
2019-05-03:10:47:23::200: HTTP/1.1 /image2.jpg ( 0.0 ms)
2019-05-03:10:47:23::200: HTTP/1.1 /image2.jpg ( 0.0 ms)
2019-05-03:10:47:24::200: HTTP/1.1 /image2.jpg ( 0.0 ms)
2019-05-03:10:47:24::200: HTTP/1.1 /image2.jpg ( 0.0 ms)
2019-05-03:10:47:24::200: HTTP/1.1 /image2.jpg ( 0.0 ms)
2019-05-03:10:47:24::200: HTTP/1.1 /image2.jpg ( 0.0 ms)
2019-05-03:10:47:24::200: HTTP/1.1 /image2.jpg ( 0.0 ms)
2019-05-03:10:47:25::200: HTTP/1.1 /image2.jpg ( 0.0 ms)
2019-05-03:10:47:25::200: HTTP/1.1 /image2.jpg ( 0.0 ms)
2019-05-03:10:47:25::200: HTTP/1.1 /image2.jpg ( 0.0 ms)
2019-05-03:10:47:26::200: HTTP/1.1 /image2.jpg ( 0.0 ms)
2019-05-03:10:47:26::200: HTTP/1.1 /image2.jpg ( 0.0 ms)
2019-05-03:10:47:26::200: HTTP/1.1 /image2.jpg ( 0.0 ms)
2019-05-03:10:47:26::200: HTTP/1.1 /image2.jpg ( 0.0 ms)
2019-05-03:10:47:26::200: HTTP/1.1 /image2.jpg ( 0.0 ms)
2019-05-03:10:47:27::200: HTTP/1.1 /image2.jpg ( 0.0 ms)
2019-05-03:10:47:27::200: HTTP/1.1 /image2.jpg ( 0.0 ms)
2019-05-03:10:47:27::200: HTTP/1.1 /image2.jpg ( 0.0 ms)
2019-05-03:10:47:29::200: HTTP/1.1 /image.jpg ( 0.0 ms)
2019-05-03:10:47:29::200: HTTP/1.1 /image.jpg ( 0.0 ms)
2019-05-03:10:47:29::200: HTTP/1.1 /image.jpg ( 0.015625 ms)
2019-05-03:10:47:30::200: HTTP/1.1 /image.jpg ( 0.0 ms)
2019-05-03:10:47:30::200: HTTP/1.1 /image.jpg ( 0.0 ms)
2019-05-03:10:47:30::200: HTTP/1.1 /image.jpg ( 0.0 ms)
2019-05-03:10:47:30::200: HTTP/1.1 /image.jpg ( 0.0 ms)
2019-05-03:10:47:31::200: HTTP/1.1 /image.jpg ( 0.0 ms)
2019-05-03:10:47:31::200: HTTP/1.1 /image.jpg ( 0.0 ms)
2019-05-03:10:47:31::200: HTTP/1.1 /image.jpg ( 0.0 ms)
2019-05-03:10:47:31::200: HTTP/1.1 /image.jpg ( 0.0 ms)
2019-05-03:10:47:31::200: HTTP/1.1 /image.jpg ( 0.0 ms)
2019-05-03:10:47:32::200: HTTP/1.1 /image.jpg ( 0.0 ms)
2019-05-03:10:47:32::200: HTTP/1.1 /image.jpg ( 0.015625 ms)
2019-05-03:10:47:32::200: HTTP/1.1 /image.jpg ( 0.015625 ms)
2019-05-03:10:47:33::200: HTTP/1.1 /image.jpg ( 0.0 ms)
2019-05-03:10:47:33::200: HTTP/1.1 /image.jpg ( 0.0 ms)
2019-05-03:10:47:34::200: HTTP/1.1 /image.jpg ( 0.0 ms)
2019-05-03:10:47:35::200: HTTP/1.1 /image.jpg ( 0.0 ms)
2019-05-03:10:47:35::200: HTTP/1.1 /image.jpg ( 0.0 ms)
2019-05-03:10:47:36::200: HTTP/1.1 /image.jpg ( 0.0 ms)
2019-05-03:10:47:36::200: HTTP/1.1 /image.jpg ( 0.0 ms)
2019-05-03:10:47:37::200: HTTP/1.1 /image.jpg ( 0.0 ms)
2019-05-03:10:47:37::200: HTTP/1.1 /image.jpg ( 0.0 ms)
2019-05-03:10:47:37::200: HTTP/1.1 /image.jpg ( 0.0 ms)
2019-05-03:10:47:38::200: HTTP/1.1 /image2.jpg ( 0.0 ms)
2019-05-03:10:47:39::200: HTTP/1.1 /image2.jpg ( 0.0 ms)
2019-05-03:10:47:39::200: HTTP/1.1 /image2.jpg ( 0.0 ms)
2019-05-03:10:47:39::200: HTTP/1.1 /image2.jpg ( 0.0 ms)
2019-05-03:10:47:39::200: HTTP/1.1 /image2.jpg ( 0.0 ms)
2019-05-03:10:47:39::200: HTTP/1.1 /image2.jpg ( 0.015625 ms)
2019-05-03:10:47:40::200: HTTP/1.1 /image2.jpg ( 0.0 ms)
2019-05-03:10:47:40::200: HTTP/1.1 /image2.jpg ( 0.0 ms)
2019-05-03:10:47:40::200: HTTP/1.1 /image2.jpg ( 0.015625 ms)
2019-05-03:10:47:40::200: HTTP/1.1 /image2.jpg ( 0.0 ms)
2019-05-03:10:47:41::200: HTTP/1.1 /image2.jpg ( 0.0 ms)
2019-05-03:10:48:18::200: HTTP/1.1 /image2.jpg ( 0.03125 ms)
2019-05-03:10:48:19::200: HTTP/1.1 /image2.jpg ( 0.015625 ms)
2019-05-03:10:48:21::200: HTTP/1.1 /image2.jpg ( 0.03125 ms)
2019-05-03:10:48:21::200: HTTP/1.1 /image2.jpg ( 0.015625 ms)
2019-05-03:10:48:21::200: HTTP/1.1 /image2.jpg ( 0.03125 ms)
2019-05-03:10:48:22::200: HTTP/1.1 /image2.jpg ( 0.03125 ms)
2019-05-03:10:48:22::200: HTTP/1.1 /image2.jpg ( 0.03125 ms)
2019-05-03:10:48:22::200: HTTP/1.1 /image2.jpg ( 0.078125 ms)
2019-05-03:10:48:22::200: HTTP/1.1 /image2.jpg ( 0.046875 ms)
2019-05-03:10:48:23::200: HTTP/1.1 /image2.jpg ( 0.03125 ms)
2019-05-03:10:48:23::200: HTTP/1.1 /image2.jpg ( 0.03125 ms)
2019-05-03:10:48:23::200: HTTP/1.1 /image2.jpg ( 0.03125 ms)
2019-05-03:10:48:23::200: HTTP/1.1 /image2.jpg ( 0.078125 ms)
2019-05-03:10:48:24::200: HTTP/1.1 /image2.jpg ( 0.03125 ms)
2019-05-03:10:48:24::200: HTTP/1.1 /image2.jpg ( 0.03125 ms)
2019-05-03:10:48:24::200: HTTP/1.1 /image2.jpg ( 0.046875 ms)
2019-05-03:10:48:24::200: HTTP/1.1 /image2.jpg ( 0.0 ms)
2019-05-03:10:48:25::200: HTTP/1.1 /image2.jpg ( 0.046875 ms)
2019-05-03:10:48:25::200: HTTP/1.1 /image2.jpg ( 0.03125 ms)
2019-05-03:10:48:25::200: HTTP/1.1 /image2.jpg ( 0.0625 ms)
2019-05-03:10:48:25::200: HTTP/1.1 /image2.jpg ( 0.0 ms)
2019-05-03:10:48:26::200: HTTP/1.1 /image2.jpg ( 0.03125 ms)
2019-05-03:10:48:35::200: HTTP/1.1 /image2.jpg ( 0.015625 ms)
2019-05-03:10:48:36::200: HTTP/1.1 /image2.jpg ( 0.03125 ms)
2019-05-03:10:48:36::200: HTTP/1.1 /image2.jpg ( 0.03125 ms)
2019-05-03:10:48:36::200: HTTP/1.1 /image2.jpg ( 0.03125 ms)
2019-05-03:10:48:40::200: HTTP/1.1 /image2.jpg ( 0.0 ms)
2019-05-03:10:48:40::200: HTTP/1.1 /image2.jpg ( 0.0 ms)
2019-05-03:10:48:40::200: HTTP/1.1 /image2.jpg ( 0.0 ms)
2019-05-03:10:48:40::200: HTTP/1.1 /image2.jpg ( 0.0 ms)
2019-05-03:10:48:41::200: HTTP/1.1 /image2.jpg ( 0.0 ms)
2019-05-03:10:48:41::200: HTTP/1.1 /image2.jpg ( 0.0 ms)
2019-05-03:10:48:41::200: HTTP/1.1 /image2.jpg ( 0.0 ms)
2019-05-03:10:48:41::200: HTTP/1.1 /image2.jpg ( 0.015625 ms)
2019-05-03:10:48:42::200: HTTP/1.1 /image2.jpg ( 0.0 ms)
2019-05-03:10:48:42::200: HTTP/1.1 /image2.jpg ( 0.0 ms)
2019-05-03:10:48:43::200: HTTP/1.1 /image2.jpg ( 0.015625 ms)
2019-05-03:10:48:43::200: HTTP/1.1 /image2.jpg ( 0.0 ms)
2019-05-03:10:48:43::200: HTTP/1.1 /image2.jpg ( 0.015625 ms)
2019-05-03:10:48:44::200: HTTP/1.1 /image2.jpg ( 0.015625 ms)
2019-05-03:10:48:44::200: HTTP/1.1 /image2.jpg ( 0.015625 ms)
2019-05-03:10:48:44::200: HTTP/1.1 /image2.jpg ( 0.0 ms)
2019-05-03:10:48:44::200: HTTP/1.1 /image2.jpg ( 0.0 ms)
2019-05-03:10:48:45::200: HTTP/1.1 /image2.jpg ( 0.0 ms)
2019-05-03:10:48:45::200: HTTP/1.1 /image2.jpg ( 0.0 ms)
2019-05-03:10:48:45::200: HTTP/1.1 /image2.jpg ( 0.0 ms)
2019-05-03:10:48:45::200: HTTP/1.1 /image2.jpg ( 0.0 ms)
2019-05-03:10:48:46::200: HTTP/1.1 /image2.jpg ( 0.015625 ms)
2019-05-03:10:48:46::200: HTTP/1.1 /image2.jpg ( 0.0 ms)
2019-05-03:10:48:48::200: HTTP/1.1 /image.jpg ( 0.0 ms)
2019-05-03:10:48:48::200: HTTP/1.1 /image.jpg ( 0.0 ms)
2019-05-03:10:48:48::200: HTTP/1.1 /image.jpg ( 0.0 ms)
2019-05-03:10:48:48::200: HTTP/1.1 /image.jpg ( 0.0 ms)
2019-05-03:10:49:09::200: HTTP/1.1 /image.jpg ( 0.0 ms)
2019-05-03:10:49:12::200: HTTP/1.1 / ( 0.0 ms)
2019-05-03:10:49:42::200: HTTP/1.1 /index.php ( 0.0 ms)
2019-05-03:12:53:21::200: HTTP/1.1 / ( 0.0 ms)
2019-05-03:12:55:13::200: HTTP/1.1 / ( 0.0 ms)
2019-05-03:12:55:42::200: HTTP/1.1 / ( 0.0 ms)
2019-05-03:12:59:49::200: HTTP/1.1 / ( 0.0 ms)
2019-05-03:13:00:22::200: HTTP/1.1 / ( 0.0 ms)
2019-05-03:13:06:04::200: HTTP/1.1 / ( 0.0 ms)
2019-05-03:13:08:50::200: HTTP/1.1 / ( 0.0 ms)
2019-05-03:13:11:13::200: HTTP/1.1 / ( 0.0 ms)
2019-05-03:13:13:41::200: HTTP/1.1 / ( 0.015625 ms)
2019-05-07:06:03:08::200: HTTP/1.1 / ( 0.015625 ms)
2019-05-07:06:03:08::404: HTTP/1.1 /favicon.ico ( 0.0 ms)
2019-05-07:06:30:30::404: HTTP/1.1 /image ( 0.0 ms)
2019-05-07:06:30:33::200: HTTP/1.1 /image.jpg ( 0.0 ms)
2019-05-07:06:31:34::200: HTTP/1.1 /image.jpg ( 0.0 ms)
2019-05-07:06:31:37::404: HTTP/1.1 /image ( 0.0 ms)
2019-05-07:06:33:11::500: HTTP/1.1 / ( 0.0 ms)
2019-05-07:06:33:12::500: HTTP/1.1 / ( 0.0 ms)
2019-05-07:06:33:13::500: HTTP/1.1 / ( 0.0 ms)
2019-05-07:06:33:14::500: HTTP/1.1 / ( 0.0 ms)
2019-05-07:06:33:14::500: HTTP/1.1 / ( 0.0 ms)
2019-05-07:06:33:29::500: HTTP/1.1 / ( 0.0 ms)
2019-05-07:06:34:14::500: HTTP/1.1 / ( 0.0 ms)
2019-05-07:06:36:20::500: HTTP/1.1 / ( 0.0 ms)
2019-05-07:06:38:05::500: HTTP/1.1 / ( 0.0 ms)
2019-05-07:06:55:47::500: HTTP/1.1 / ( 0.0 ms)
2019-05-07:06:56:21::500: HTTP/1.1 / ( 0.015625 ms)
2019-05-07:06:56:57::500: HTTP/1.1 / ( 0.0 ms)
2019-05-07:06:58:29::500: HTTP/1.1 / ( 0.203125 ms)
2019-05-07:06:58:48::500: HTTP/1.1 / ( 0.296875 ms)
2019-05-07:06:58:49::500: HTTP/1.1 / ( 0.1875 ms)
2019-05-07:06:59:12::500: HTTP/1.1 / ( 0.234375 ms)
2019-05-07:06:59:15::500: HTTP/1.1 / ( 0.203125 ms)
2019-05-07:07:09:19::500: HTTP/1.1 / ( 0.0 ms)
2019-05-07:07:10:16::500: HTTP/1.1 / ( 0.0 ms)
2019-05-07:07:26:55::500: HTTP/1.1 / ( 0.0 ms)
2019-05-07:07:36:36::500: HTTP/1.1 / ( 0.0 ms)
2019-05-07:07:38:10::500: HTTP/1.1 / ( 0.0 ms)
2019-05-07:07:40:11::500: HTTP/1.1 / ( 0.0 ms)
2019-05-07:07:46:59::500: HTTP/1.1 / ( 0.0 ms)
2019-05-07:07:47:51::500: HTTP/1.1 / ( 0.0 ms)
2019-05-07:07:56:06::500: HTTP/1.1 / ( 0.0 ms)
2019-05-07:07:56:52::500: HTTP/1.1 / ( 0.0 ms)
2019-05-07:07:57:15::500: HTTP/1.1 / ( 0.0 ms)
2019-05-07:07:58:16::500: HTTP/1.1 / ( 0.0 ms)
2019-05-07:08:03:06::500: HTTP/1.1 / ( 0.0 ms)
2019-05-07:08:04:46::500: HTTP/1.1 / ( 0.0 ms)
2019-05-07:08:05:30::500: HTTP/1.1 / ( 0.0 ms)
2019-05-07:08:09:16::500: HTTP/1.1 / ( 0.0 ms)
2019-05-07:08:09:45::500: HTTP/1.1 / ( 0.0 ms)
2019-05-07:08:09:49::500: HTTP/1.1 / ( 0.0 ms)
2019-05-07:08:09:49::500: HTTP/1.1 / ( 0.0 ms)
2019-05-07:08:15:05::500: HTTP/1.1 / ( 0.015625 ms)
2019-05-07:08:24:08::500: HTTP/1.1 / ( 0.0 ms)
2019-05-07:08:24:36::500: HTTP/1.1 / ( 0.0 ms)
2019-05-07:08:30:15::500: HTTP/1.1 / ( 0.0 ms)
2019-05-07:08:31:11::500: HTTP/1.1 / ( 0.0 ms)
2019-05-07:08:32:19::500: HTTP/1.1 / ( 0.0 ms)
2019-05-07:08:32:36::500: HTTP/1.1 / ( 0.0 ms)
2019-05-07:09:05:55::500: HTTP/1.1 / ( 0.0 ms)
2019-05-07:09:08:00::500: HTTP/1.1 / ( 0.0 ms)
2019-05-07:09:08:11::500: HTTP/1.1 / ( 0.0 ms)
2019-05-07:09:19:06::500: HTTP/1.1 / ( 0.0 ms)
2019-05-07:09:21:26::500: HTTP/1.1 / ( 0.0 ms)
2019-05-07:09:21:46::500: HTTP/1.1 / ( 0.0 ms)
2019-05-07:09:24:42::500: HTTP/1.1 / ( 0.0 ms)
2019-05-07:09:30:01::500: HTTP/1.1 / ( 0.0 ms)
2019-05-07:09:30:49::500: HTTP/1.1 / ( 0.0 ms)
2019-05-07:09:31:23::500: HTTP/1.1 / ( 0.0 ms)
2019-05-07:09:31:43::500: HTTP/1.1 / ( 0.0 ms)
2019-05-07:09:31:56::500: HTTP/1.1 / ( 0.0 ms)
2019-05-07:09:32:11::500: HTTP/1.1 / ( 0.0 ms)
2019-05-07:09:36:37::500: HTTP/1.1 / ( 0.0 ms)
2019-05-07:09:45:25::500: HTTP/1.1 / ( 0.0 ms)
2019-05-07:09:45:26::500: HTTP/1.1 / ( 0.0 ms)
2019-05-07:10:04:41::500: HTTP/1.1 / ( 0.0 ms)
2019-05-07:10:04:49::500: HTTP/1.1 / ( 0.0 ms)
2019-05-07:10:04:59::500: HTTP/1.1 / ( 0.015625 ms)
2019-05-07:10:05:00::500: HTTP/1.1 / ( 0.0 ms)
2019-05-07:10:05:34::500: HTTP/1.1 / ( 0.015625 ms)
2019-05-07:10:06:14::500: HTTP/1.1 / ( 0.0 ms)
2019-05-07:10:06:37::500: HTTP/1.1 / ( 0.015625 ms)
2019-05-07:10:06:38::500: HTTP/1.1 / ( 0.0 ms)
2019-05-07:10:06:39::500: HTTP/1.1 / ( 0.0 ms)
2019-05-07:10:06:40::500: HTTP/1.1 / ( 0.0 ms)
2019-05-07:10:06:42::500: HTTP/1.1 / ( 0.015625 ms)
2019-05-07:10:07:06::200: HTTP/1.1 / ( 0.0 ms)
2019-05-07:10:07:30::200: HTTP/1.1 / ( 0.015625 ms)
2019-05-07:10:07:51::500: HTTP/1.1 / ( 0.0 ms)
2019-05-07:10:07:52::500: HTTP/1.1 / ( 0.0 ms)
2019-05-07:10:07:54::500: HTTP/1.1 / ( 0.0 ms)
2019-05-07:10:08:12::500: HTTP/1.1 / ( 0.015625 ms)
2019-05-07:10:08:28::500: HTTP/1.1 / ( 0.0 ms)
2019-05-07:10:14:36::500: HTTP/1.1 / ( 0.0 ms)
2019-05-07:10:15:08::200: HTTP/1.1 / ( 0.0 ms)
2019-05-09:07:37:25::404: HTTP/1.1 /robots.txt ( 0.0 ms)
2019-05-09:07:37:25::200: HTTP/1.1 / ( 0.0 ms)
2019-05-09:07:37:25::404: HTTP/1.1 /favicon.ico ( 0.0 ms)
2019-05-09:07:39:20::200: HTTP/1.1 / ( 0.0 ms)
2019-05-09:07:39:22::200: HTTP/1.1 / ( 0.015625 ms)
2019-05-09:07:40:56::200: HTTP/1.1 / ( 0.015625 ms)
2019-05-09:07:41:41::200: HTTP/1.1 / ( 0.015625 ms)
2019-05-09:07:44:08::200: HTTP/1.1 / ( 0.0 ms)
2019-05-09:07:44:08::200: HTTP/1.1 /robots.txt ( 0.0 ms)
2019-05-09:07:44:08::404: HTTP/1.1 /favicon.ico ( 0.0 ms)
2019-05-09:07:47:13::404: HTTP/1.1 / ( 0.0 ms)
2019-05-09:07:50:35::404: HTTP/1.1 / ( 0.015625 ms)
2019-05-09:08:22:54::200: HTTP/1.1 / ( 0.0 ms)
2019-05-09:08:22:55::200: HTTP/1.1 / ( 0.0 ms)
2019-05-09:08:23:29::200: HTTP/1.1 / ( 0.0 ms)
2019-05-09:08:23:30::200: HTTP/1.1 / ( 0.015625 ms)
2019-05-09:08:23:32::200: HTTP/1.1 / ( 0.0 ms)
2019-05-09:08:23:33::200: HTTP/1.1 / ( 0.0 ms)
2019-05-09:08:23:37::200: HTTP/1.1 / ( 0.0 ms)
2019-05-09:08:23:39::200: HTTP/1.1 / ( 0.0 ms)
2019-05-09:08:23:40::200: HTTP/1.1 / ( 0.015625 ms)
2019-05-09:08:23:42::200: HTTP/1.1 / ( 0.0 ms)
2019-05-09:08:25:01::200: HTTP/1.1 / ( 0.0 ms)
2019-05-09:08:25:02::200: HTTP/1.1 / ( 0.015625 ms)
2019-05-09:08:25:06::200: HTTP/1.1 / ( 0.0 ms)
2019-05-09:08:26:46::200: HTTP/1.1 / ( 0.0 ms)
2019-05-09:08:26:48::200: HTTP/1.1 / ( 0.015625 ms)
2019-05-09:08:26:51::200: HTTP/1.1 / ( 0.0 ms)
2019-05-09:08:26:52::200: HTTP/1.1 / ( 0.015625 ms)
2019-05-09:08:27:16::200: HTTP/1.1 / ( 0.0 ms)
2019-05-09:08:27:17::200: HTTP/1.1 / ( 0.0 ms)
2019-05-09:08:27:19::200: HTTP/1.1 / ( 0.015625 ms)
2019-05-09:08:27:21::200: HTTP/1.1 / ( 0.0 ms)
2019-05-09:08:27:22::200: HTTP/1.1 / ( 0.0 ms)
2019-05-09:08:29:51::200: HTTP/1.1 / ( 0.015625 ms)
2019-05-09:08:29:52::200: HTTP/1.1 / ( 0.0 ms)
2019-05-09:08:30:09::200: HTTP/1.1 / ( 0.015625 ms)
2019-05-09:08:30:10::200: HTTP/1.1 / ( 0.0 ms)
2019-05-09:08:30:19::200: HTTP/1.1 / ( 0.0 ms)
2019-05-09:08:30:20::200: HTTP/1.1 / ( 0.015625 ms)
2019-05-09:08:30:49::200: HTTP/1.1 /image.jpg ( 0.0 ms)
2019-05-09:08:30:54::200: HTTP/1.1 /image.jpg ( 0.0 ms)
2019-05-09:08:30:59::200: HTTP/1.1 / ( 0.0 ms)
2019-05-09:08:31:00::200: HTTP/1.1 / ( 0.0 ms)
2019-05-09:09:09:16::200: HTTP/1.1 / ( 0.0 ms)
2019-05-09:09:09:24::404: HTTP/1.1 /setup ( 0.0 ms)
2019-05-09:09:13:34::404: HTTP/1.1 /setup ( 0.015625 ms)
2019-05-09:09:13:36::404: HTTP/1.1 /setup ( 0.0 ms)
2019-05-09:09:14:00::200: HTTP/1.1 /setup ( 0.0 ms)
2019-05-09:09:14:03::200: HTTP/1.1 /setup?a=1 ( 0.015625 ms)
2019-05-09:09:14:07::200: HTTP/1.1 /setup?a=1&b=2 ( 0.0 ms)
2019-05-09:09:14:45::200: HTTP/1.1 /setup?a=1&b=2 ( 0.0 ms)
2019-05-09:09:25:04::200: HTTP/1.1 /setup?a=1&b=2 ( 0.0 ms)
2019-05-09:09:25:23::200: HTTP/1.1 /setup?a=1&b=2 ( 0.0 ms)
2019-05-09:09:28:06::200: HTTP/1.1 / ( 0.0 ms)
2019-05-09:09:28:11::200: HTTP/1.1 /setup?a=1&b=2 ( 0.0 ms)
2019-05-09:09:31:46::404: HTTP/1.1 /form.html ( 0.0 ms)
2019-05-09:09:31:51::200: HTTP/1.1 /form.html ( 0.0 ms)
2019-05-09:09:32:05::200: HTTP/1.1 /form.html ( 0.0 ms)
2019-05-09:09:44:57::200: HTTP/1.1 /form.html ( 0.0 ms)
2019-05-09:09:45:31::200: HTTP/1.1 /form.html ( 0.0 ms)
2019-05-09:09:45:45::200: HTTP/1.1 /form.html ( 0.0 ms)
2019-05-09:09:46:05::200: HTTP/1.1 /form.html ( 0.0 ms)
2019-05-09:09:46:08::200: HTTP/1.1 /form.html ( 0.0 ms)
2019-05-09:09:46:13::200: HTTP/1.1 /setup?a=1&b=2 ( 0.015625 ms)
2019-05-09:09:46:32::200: HTTP/1.1 /?a=1&b=2 ( 0.0 ms)
2019-05-09:09:47:29::200: HTTP/1.1 /?a=1&b=2 ( 0.0 ms)
2019-05-09:09:50:16::500: HTTP/1.1 /?a=1&b=2 ( 0.015625 ms)
2019-05-09:09:50:19::200: HTTP/1.1 /form.html ( 0.0 ms)
2019-05-09:09:50:25::500: HTTP/1.1 / ( 0.0 ms)
2019-05-09:09:50:51::200: HTTP/1.1 /form.html ( 0.0 ms)
2019-05-09:09:50:51::200: HTTP/1.1 /form.html ( 0.015625 ms)
2019-05-09:09:50:52::200: HTTP/1.1 /form.html ( 0.0 ms)
2019-05-09:09:50:52::200: HTTP/1.1 /form.html ( 0.0 ms)
2019-05-09:09:50:53::200: HTTP/1.1 /form.html ( 0.0 ms)
2019-05-09:09:50:53::200: HTTP/1.1 /form.html ( 0.0 ms)
2019-05-09:09:50:59::500: HTTP/1.1 / ( 0.0 ms)
2019-05-09:09:51:31::500: HTTP/1.1 / ( 0.0 ms)
2019-05-09:09:52:30::500: HTTP/1.1 / ( 0.015625 ms)
2019-05-09:09:53:25::500: HTTP/1.1 / ( 0.0 ms)
2019-05-09:09:53:45::500: HTTP/1.1 / ( 0.015625 ms)
2019-05-09:09:54:10::500: HTTP/1.1 / ( 0.0 ms)
2019-05-09:09:54:13::500: HTTP/1.1 / ( 0.015625 ms)
2019-05-09:09:54:21::500: HTTP/1.1 / ( 0.0 ms)
2019-05-09:09:54:23::500: HTTP/1.1 / ( 0.0 ms)
2019-05-09:09:54:42::500: HTTP/1.1 / ( 0.015625 ms)
2019-05-09:09:54:43::500: HTTP/1.1 / ( 0.015625 ms)
2019-05-09:09:54:44::500: HTTP/1.1 / ( 0.015625 ms)
2019-05-09:09:54:50::200: HTTP/1.1 / ( 0.0 ms)
2019-05-09:09:54:51::200: HTTP/1.1 / ( 0.0 ms)
2019-05-09:09:55:11::500: HTTP/1.1 / ( 0.015625 ms)
2019-05-09:09:55:35::500: HTTP/1.1 / ( 0.0 ms)
2019-05-09:09:55:58::500: HTTP/1.1 / ( 0.0 ms)
2019-05-09:09:55:59::500: HTTP/1.1 / ( 0.015625 ms)
2019-05-09:09:56:06::500: HTTP/1.1 / ( 0.0 ms)
2019-05-09:09:56:13::500: HTTP/1.1 / ( 0.0 ms)
2019-05-09:09:56:14::500: HTTP/1.1 / ( 0.0 ms)
2019-05-09:09:56:15::500: HTTP/1.1 / ( 0.0 ms)
2019-05-09:09:56:15::500: HTTP/1.1 / ( 0.0 ms)
2019-05-09:09:56:15::500: HTTP/1.1 / ( 0.0 ms)
2019-05-09:09:56:16::500: HTTP/1.1 / ( 0.0 ms)
2019-05-09:09:56:16::500: HTTP/1.1 / ( 0.0 ms)
2019-05-09:09:56:16::500: HTTP/1.1 / ( 0.0 ms)
2019-05-09:09:56:16::500: HTTP/1.1 / ( 0.0 ms)
2019-05-09:09:56:16::500: HTTP/1.1 / ( 0.0 ms)
2019-05-09:09:56:17::500: HTTP/1.1 / ( 0.0 ms)
2019-05-09:09:56:17::500: HTTP/1.1 / ( 0.0 ms)
2019-05-09:09:56:17::500: HTTP/1.1 / ( 0.0 ms)
2019-05-09:09:56:17::500: HTTP/1.1 / ( 0.015625 ms)
2019-05-09:09:56:18::500: HTTP/1.1 / ( 0.0 ms)
2019-05-09:09:56:18::500: HTTP/1.1 / ( 0.0 ms)
2019-05-09:09:57:01::500: HTTP/1.1 / ( 0.015625 ms)
2019-05-09:09:57:16::200: HTTP/1.1 / ( 0.0 ms)
2019-05-09:09:58:04::500: HTTP/1.1 / ( 0.015625 ms)
2019-05-09:09:58:05::500: HTTP/1.1 / ( 0.015625 ms)
2019-05-09:09:58:06::500: HTTP/1.1 / ( 0.015625 ms)
2019-05-09:09:58:15::200: HTTP/1.1 / ( 0.0 ms)
2019-05-09:10:00:05::200: HTTP/1.1 / ( 0.0 ms)
2019-05-09:10:01:40::200: HTTP/1.1 / ( 0.015625 ms)
2019-05-09:10:04:47::200: HTTP/1.1 /form.html ( 0.015625 ms)
2019-05-09:10:04:51::200: HTTP/1.1 /form.html ( 0.0 ms)
2019-05-09:10:04:59::200: HTTP/1.1 /form.html ( 0.0 ms)
2019-05-09:10:05:02::200: HTTP/1.1 / ( 0.0 ms)
2019-05-09:10:06:38::200: HTTP/1.1 / ( 0.0 ms)
2019-05-09:10:06:41::200: HTTP/1.1 /?a=1&b=2 ( 0.0 ms)
2019-05-09:10:12:29::200: HTTP/1.1 / ( 0.015625 ms)
2019-05-09:10:13:01::200: HTTP/1.1 / ( 0.015625 ms)
2019-05-09:10:13:25::200: HTTP/1.1 / ( 0.015625 ms)
2019-05-09:10:13:26::200: HTTP/1.1 / ( 0.0 ms)
2019-05-09:10:13:27::200: HTTP/1.1 / ( 0.0 ms)
2019-05-09:10:13:27::200: HTTP/1.1 / ( 0.0 ms)
2019-05-09:10:13:27::200: HTTP/1.1 / ( 0.0 ms)
2019-05-09:10:13:27::200: HTTP/1.1 / ( 0.0 ms)
2019-05-09:10:13:28::200: HTTP/1.1 / ( 0.0 ms)
2019-05-09:10:13:28::200: HTTP/1.1 / ( 0.0 ms)
2019-05-09:10:13:28::200: HTTP/1.1 / ( 0.0 ms)
2019-05-09:10:13:28::200: HTTP/1.1 / ( 0.0 ms)
2019-05-09:10:13:29::200: HTTP/1.1 / ( 0.015625 ms)
2019-05-09:10:13:29::200: HTTP/1.1 / ( 0.0 ms)
2019-05-09:10:13:29::200: HTTP/1.1 / ( 0.0 ms)
2019-05-09:10:13:29::200: HTTP/1.1 / ( 0.0 ms)
2019-05-09:10:13:29::200: HTTP/1.1 / ( 0.0 ms)
2019-05-09:10:13:30::200: HTTP/1.1 / ( 0.015625 ms)
2019-05-09:10:13:30::200: HTTP/1.1 / ( 0.015625 ms)
2019-05-09:10:13:31::200: HTTP/1.1 / ( 0.0 ms)
2019-05-09:10:13:31::200: HTTP/1.1 / ( 0.015625 ms)
2019-05-09:10:13:31::200: HTTP/1.1 / ( 0.0 ms)
2019-05-09:10:13:31::200: HTTP/1.1 / ( 0.0 ms)
2019-05-09:10:13:31::200: HTTP/1.1 / ( 0.0 ms)
2019-05-09:10:13:32::200: HTTP/1.1 / ( 0.0 ms)
2019-05-09:10:13:32::200: HTTP/1.1 / ( 0.0 ms)
2019-05-09:10:13:32::200: HTTP/1.1 / ( 0.0 ms)
2019-05-09:10:13:32::200: HTTP/1.1 / ( 0.0 ms)
2019-05-09:10:14:19::200: HTTP/1.1 / ( 0.0 ms)
2019-05-09:10:17:49::200: HTTP/1.1 / ( 0.0 ms)
2019-05-09:10:18:36::404: HTTP/1.1 /setup ( 0.0 ms)
2019-05-09:10:18:40::200: HTTP/1.1 / ( 0.0 ms)
2019-05-09:10:18:42::200: HTTP/1.1 /setup ( 0.0 ms)
2019-05-09:10:18:53::200: HTTP/1.1 /setup ( 0.0 ms)
2019-05-09:10:18:54::200: HTTP/1.1 /setup ( 0.0 ms)
2019-05-09:10:18:57::200: HTTP/1.1 / ( 0.0 ms)
2019-05-09:10:19:45::200: HTTP/1.1 / ( 0.0 ms)
2019-05-09:10:19:46::200: HTTP/1.1 / ( 0.0 ms)
2019-05-09:10:19:50::500: HTTP/1.1 / ( 0.0 ms)
2019-05-09:10:20:07::500: HTTP/1.1 / ( 0.0 ms)
2019-05-09:10:20:08::500: HTTP/1.1 / ( 0.0 ms)
2019-05-09:10:20:09::500: HTTP/1.1 / ( 0.0 ms)
2019-05-09:10:20:10::500: HTTP/1.1 / ( 0.0 ms)
2019-05-09:10:20:30::500: HTTP/1.1 / ( 0.0 ms)
2019-05-09:10:20:35::200: HTTP/1.1 / ( 0.0 ms)
